19-09-17 20:40:00|com.tencent.mobileqq:TMAssistantDownloadSDKService|D||QQ_Version: V 8.1.3.4185
19-09-17 20:40:00|1568724000115[29741]29741|E|AutoMonitor|nextState -1, 0
19-09-17 20:40:01|1568724000136[29741]29741|E|PatchLogTag|AbscractPatchItemConfig isValidConfig process not match
19-09-17 20:40:01|1568724000136[29741]29741|E|PatchLogTag|PatchConfig isValidConfig patchItemConfig null or invalid
19-09-17 20:40:01|1568724000136[29741]29741|E|PatchLogTag|DexPatchInstaller installDexPatch Not inject patch, status=0
19-09-17 20:40:01|1568724000175[29741]29741|E|MSF.D.MonitorSocket|phoneDisplays: KOT49H|KTU84P, phoneModels: COOLPAD7295, appid: , version: , currVersion: 8.1.3.4185, process: , com.tencent.mobileqq:TMAssistantDownloadSDKService
19-09-17 20:40:01|1568724000176[29741]29741|E|MSF.D.MonitorSocket|Socket imple class: java.net.SocksSocketImpl
19-09-17 20:40:01|1568724000176[29741]29741|E|MSF.D.MonitorSocket| Monitor Socket started.
19-09-17 20:40:01|1568724000183[29741]29741|E|AutoMonitor|updateVersion ProcFirstLaunchcom.tencent.mobileqq:TMAssistantDownloadSDKService null 433687
19-09-17 20:40:01|1568724000188[29741]29741|E|UpdatePluginVersion|433687, 433687
19-09-17 20:40:01|1568724000199[29741]29741|E|RdmInit|doStep process=com.tencent.mobileqq:TMAssistantDownloadSDKService, sRdmState=0
19-09-17 20:40:01|1568724000253[29741]29741|E|StatisticCollector|initCrashReport process=com.tencent.mobileqq:TMAssistantDownloadSDKService, pid=29741
19-09-17 20:40:01|1568724000292[29741]29741|E|StatisticCollector|initNativeCrashReport process=com.tencent.mobileqq:TMAssistantDownloadSDKService, pid=29741
19-09-17 20:40:01|1568724000336[29741]29741|E|StatisticCollector|CrashReport init finished.
19-09-17 20:40:01|1568724000357[29741]29741|E|AutoMonitor|MTA, cost=7 results: true
19-09-17 20:40:01|1568724000358[29741]29741|E|mqq|doInit begin withcom.tencent.mobileqq:TMAssistantDownloadSDKService
19-09-17 20:40:01|1568724000359[29741]29741|E|mqq|doInit finished
19-09-17 20:40:01|1568724000360[29741]29793|E|PatchLogTag|AbscractPatchItemConfig isValidConfig process not match
19-09-17 20:40:01|1568724000360[29741]29793|E|PatchLogTag|PatchConfig isValidConfig patchItemConfig null or invalid
19-09-17 20:40:01|1568724000597[29741]29804|E|EIPCConst|connectProvider success
19-09-17 20:40:01|1568724000623[29741]29805|E|MSF.D.NetworkProvider|refresh currentAPN:. received networkInfo: CONNECTED :NetworkInfo: type: WIFI[], state: CONNECTED/CONNECTED, reason: (unspecified), extra: "SEC507, roaming: false, failover: false, isAvailable: true, isConnectedToProvisioningNetwork: true. ExtraNetInfo: null
19-09-17 20:40:01|1568724000624[29741]29805|E|MSF.D.NetworkProvider|netchange NONE to WiFi
19-09-17 20:40:01|1568724001368[29741]29826|E|MsfServiceSdk|lge_nexus 5x create isUseNewProxy=false randomInt=37
19-09-17 20:40:01|1568724001389[29741]29826|E|MSF.D.Proxy|MSF_Alive_Log start service finish
19-09-17 20:40:01|1568724001392[29741]29826|E|MSF.D.Proxy|threadID:755, threadName: MonitorSocketStat bind service finished true
19-09-17 20:40:01|1568724001392[29741]29741|E|MSF.D.RemoteServiceProxy|onServiceConnected service:ComponentInfo{com.tencent.mobileqq/com.tencent.mobileqq.msf.service.MsfService}
19-09-17 20:40:01|1568724001401[29741]29826|E|MSF.D.Proxy|start MsfService through Broadcast, 0
19-09-17 20:40:03|1568724003152[29741]29770|E|RdmInit|doStep process=com.tencent.mobileqq:TMAssistantDownloadSDKService, sRdmState=1
19-09-17 20:40:04|1568724004144[29741]29770|E|InitHook|NOT AVA
