19-09-17 20:36:48|com.tencent.mobileqq:mini|D||QQ_Version: V 8.1.3.4185
19-09-17 20:36:48|1568723808303[28007]28007|E|AutoMonitor|nextState -1, 0
19-09-17 20:36:49|1568723808334[28007]28007|E|PatchLogTag|AbscractPatchItemConfig isValidConfig process not match
19-09-17 20:36:49|1568723808334[28007]28007|E|PatchLogTag|PatchConfig isValidConfig patchItemConfig null or invalid
19-09-17 20:36:49|1568723808334[28007]28007|E|PatchLogTag|DexPatchInstaller installDexPatch Not inject patch, status=0
19-09-17 20:36:49|1568723808391[28007]28007|E|MSF.D.MonitorSocket|monitor_config not found, disable monitor socket
19-09-17 20:36:49|1568723808418[28007]28007|E|AutoMonitor|updateVersion ProcFirstLaunchcom.tencent.mobileqq:mini null 433687
19-09-17 20:36:49|1568723808434[28007]28007|E|UpdatePluginVersion|433687, 433687
19-09-17 20:36:49|1568723808456[28007]28007|E|RdmInit|doStep process=com.tencent.mobileqq:mini, sRdmState=0
19-09-17 20:36:49|1568723808560[28007]28007|E|StatisticCollector|initCrashReport process=com.tencent.mobileqq:mini, pid=28007
19-09-17 20:36:49|1568723808648[28007]28007|E|StatisticCollector|initNativeCrashReport process=com.tencent.mobileqq:mini, pid=28007
19-09-17 20:36:49|1568723808770[28007]28007|E|StatisticCollector|CrashReport init finished.
19-09-17 20:36:49|1568723808844[28007]28066|E|PatchLogTag|AbscractPatchItemConfig isValidConfig process not match
19-09-17 20:36:49|1568723808844[28007]28066|E|PatchLogTag|PatchConfig isValidConfig patchItemConfig null or invalid
19-09-17 20:36:49|1568723808845[28007]28007|E|AutoMonitor|MTA, cost=35 results: true
19-09-17 20:36:49|1568723808846[28007]28007|E|mqq|doInit begin withcom.tencent.mobileqq:mini
19-09-17 20:36:49|1568723808860[28007]28007|E|MsfServiceSdk|lge_nexus 5x create isUseNewProxy=false randomInt=37
19-09-17 20:36:49|1568723808873[28007]28007|E|MSF.D.NetworkProvider|refresh currentAPN:. received networkInfo: CONNECTED :NetworkInfo: type: WIFI[], state: CONNECTED/CONNECTED, reason: (unspecified), extra: "SEC507, roaming: false, failover: false, isAvailable: true, isConnectedToProvisioningNetwork: true. ExtraNetInfo: null
19-09-17 20:36:49|1568723808873[28007]28007|E|MSF.D.NetworkProvider|netchange NONE to WiFi
19-09-17 20:36:49|1568723808874[28007]28007|E|MsfServiceSdk|MsfServiceSdk init proxyNew=false processName=com.tencent.mobileqq:mini
19-09-17 20:36:49|1568723808879[28007]28007|E|MSF.D.Proxy|MSF_Alive_Log start service finish
19-09-17 20:36:49|1568723808886[28007]28007|E|MSF.D.Proxy|threadID:2, threadName: main bind service finished true
19-09-17 20:36:49|1568723808886[28007]28007|E|MobileQQ|createNewRuntime, falsefalse5null
19-09-17 20:36:49|1568723808905[28007]28007|E|MSF.D.Proxy|MSF_Alive_Log start service finish
19-09-17 20:36:49|1568723808907[28007]28007|E|MSF.D.Proxy|threadID:2, threadName: main bind service finished true
19-09-17 20:36:49|1568723808943[28007]28007|E|MobileQQ|createNewRuntime, canAutoOK: true
19-09-17 20:36:49|1568723808948[28007]28007|E|mqq|[AppRuntime]MiniAppInterface (*9100) onCreate,savedInstanceState=null
19-09-17 20:36:49|1568723808949[28007]28007|E|miniapp-start|MiniAppInterface onCreate
19-09-17 20:36:49|1568723808956[28007]28074|E|mqq|newServlet = mqq.app.BuiltInServlet@6053a3e
19-09-17 20:36:49|1568723808987[28007]28074|E|MSF.D.Proxy|start MsfService through Broadcast, 1
19-09-17 20:36:49|1568723808995[28007]28074|E|MSF.D.Proxy|threadID:750, threadName: ServletForward bind service finished true
19-09-17 20:36:49|1568723808995[28007]28074|E|MSF.D.Proxy|delay binding MSF Service
19-09-17 20:36:49|1568723809090[28007]28007|E|MiniAppDexLoader| MiniAppDexLoader : com.tencent.mobileqq.mini.app.AppLoaderManager :
19-09-17 20:36:49|1568723809094[28007]28034|E|SoLoadUtilNew|load GIFEngine result:true code 3387394
19-09-17 20:36:49|1568723809115[28007]28007|E|mqq|doInit finished
19-09-17 20:36:49|1568723809118[28007]28007|E|MainService|start MSF-Receiver 757
19-09-17 20:36:49|1568723809177[28007]28007|E|miniapp-start|AppBrandTaskPreloadReceiver onReceive action: mini_preload_app
19-09-17 20:36:49|1568723809177[28007]28007|E|miniapp-start|预加载小程序
19-09-17 20:36:49|1568723809210[28007]28007|E|miniapp-process_AppBrandProxy|mService is null! Begin Bind Service!
19-09-17 20:36:49|1568723809217[28007]28007|E|miniapp-process_AppBrandProxy|onAppStart IAppBrandService Connection is Null.
19-09-17 20:36:49|1568723809217[28007]28007|E|miniapp-start|AppLoaderManager start
19-09-17 20:36:49|1568723809219[28007]28007|E|MSF.D.RemoteServiceProxy|onServiceConnected service:ComponentInfo{com.tencent.mobileqq/com.tencent.mobileqq.msf.service.MsfService}
19-09-17 20:36:49|1568723809222[28007]28084|E|miniapp-start|Task begin: MiniTask$RuntimeCreateTask
19-09-17 20:36:49|1568723809222[28007]28084|E|miniapp-start_AppBrandRuntimeContainer|preloadEmptyRuntime begin
19-09-17 20:36:49|1568723809290[28007]28007|E|miniapp-process_AppBrandProxy|onServiceConnected:com.tencent.mobileqq.mini.launch.IAppBrandService$Stub$Proxy@55dadc6
19-09-17 20:36:49|1568723809290[28007]28007|E|miniapp-process_AppBrandProxy|Sync Process Status=1
19-09-17 20:36:50|1568723809418[28007]28098|E|mqq|newServlet = com.tencent.mobileqq.mini.servlet.MiniAppDcReportServlet@f98187
19-09-17 20:36:50|1568723809438[28007]28084|E|BaseJsPluginEngine|Default white appid:1108292102
19-09-17 20:36:50|1568723809565[28007]28034|E|SoLoadUtilNew|load c++_shared result:true code 3387394
19-09-17 20:36:50|1568723809621[28007]28034|E|SharpPDec|sRetryWaitTime(ms):3000
19-09-17 20:36:50|1568723809742[28007]28098|E|MSF.D.AppNetInfoNewImpl|registerNetEventHandler 1732a4c
19-09-17 20:36:50|1568723809744[28007]28098|E|miniapp-cmd|send request cmd=LightAppSvc.mini_app_dcreport.DcReport traceId=1150289100_0917203649431_95788
19-09-17 20:36:50|1568723810480[28007]28084|E|MSF.D.AppNetInfoNewImpl|registerNetEventHandler c81a16f
19-09-17 20:36:50|1568723810761[28007]28088|E|TicketManager|set alter tickets for *9100
19-09-17 20:36:51|1568723811358[28007]28034|E|RdmInit|doStep process=com.tencent.mobileqq:mini, sRdmState=1
19-09-17 20:36:51|1568723811376[28007]28088|E|miniapp-cmd|receive response cmd=LightAppSvc.mini_app_dcreport.DcReport resultCode=1000 traceId=1150289100_0917203649431_95788
19-09-17 20:36:51|1568723811409[28007]28251|E|[mini] MiniAppObserver|onDcReport : 1
19-09-17 20:36:51|1568723811410[28007]28251|E|[mini] MiniAppObserver|onDcReport ok 
19-09-17 20:36:51|1568723811410[28007]28034|E|EIPCConst|connectProvider success
19-09-17 20:36:52|1568723812960[28007]28034|E|InitHook|DPC OFF
19-09-17 20:36:53|1568723813163[28007]28084|E|BaseJsPluginEngine|registerJsPlugin, conflict event:fs_appendFile
19-09-17 20:36:53|1568723813230[28007]28084|E|miniapp-start_AppBrandRuntimeContainer|preloadEmptyRuntime end
19-09-17 20:36:53|1568723813231[28007]28084|E|miniapp-start|Task end: MiniTask$RuntimeCreateTask succ=true
19-09-17 20:36:53|1568723813243[28007]28084|E|miniapp-start|Task begin: PagePreloadTask
19-09-17 20:36:56|1568723816137[28007]28084|E|WebViewContainer|Default white appid:1108164955,1108291530,1109544007
19-09-17 20:36:56|1568723816138[28007]28084|E|miniapp-start|Task end: PagePreloadTask succ=true
19-09-17 20:36:56|1568723816138[28007]28084|E|miniapp-start|Task begin: ApkgLoadAsyncTask
19-09-17 20:36:56|1568723816138[28007]28084|E|miniapp-start|Task begin: BaselibLoadAsyncTask
19-09-17 20:36:56|1568723816138[28007]28084|E|miniapp-start|startLoadBaseLib.
19-09-17 20:36:56|1568723816286[28007]28084|E|miniapp-start|execute baseLibLoad task. url= version=1.6.9.12014
19-09-17 20:36:56|1568723816287[28007]28084|E|miniapp-start|current is default version:1.6.9.12014
19-09-17 20:36:57|1568723816362[28007]28084|E|miniapp-start|readJsFromFile from download.
19-09-17 20:36:57|1568723816372[28007]28084|E|miniapp-start|readJsFromFile from Assets.
19-09-17 20:36:58|1568723818579[28007]28084|E|miniapp-start|Task end: BaselibLoadAsyncTask succ=true
19-09-17 20:36:58|1568723818600[28007]28086|E|miniapp-start|handleMessage 311
19-09-17 20:36:58|1568723818602[28007]28084|E|miniapp-start|Task begin: TbsAsyncTask
19-09-17 20:36:58|1568723818603[28007]28084|E|miniapp-start|startTbs
19-09-17 20:36:58|1568723818637[28007]28084|E|miniapp-start|tbsVersion=0 tmpDirTbsVersion=0
19-09-17 20:36:58|1568723818651[28007]28084|E|miniapp-start|X5 isn't completed， use system core。
19-09-17 20:36:58|1568723818688[28007]28084|E|miniapp-start|Task end: TbsAsyncTask succ=true
19-09-17 20:36:58|1568723818695[28007]28084|E|miniapp-start|Task begin: MiniTask$RuntimeContainerInitTask
19-09-17 20:36:58|1568723818696[28007]28086|E|miniapp-start|handleMessage 311
19-09-17 20:36:58|1568723818696[28007]28086|E|miniapp-start|handleMessage 311
19-09-17 20:36:58|1568723818696[28007]28086|E|miniapp-start|handleMessage 311
19-09-17 20:36:58|1568723818696[28007]28086|E|miniapp-start|handleMessage 311
19-09-17 20:36:58|1568723818735[28007]28084|E|miniapp-start|Task end: MiniTask$RuntimeContainerInitTask succ=true
19-09-17 20:36:58|1568723818761[28007]28084|E|miniapp-start|Task begin: JsPluginEngineTask
19-09-17 20:36:59|1568723819243[28007]28084|E|MSF.D.AppNetInfoNewImpl|registerNetEventHandler 561bf82
19-09-17 20:37:03|1568723823407[28007]28084|E|miniapp-start|Task end: JsPluginEngineTask succ=true
19-09-17 20:37:03|1568723823407[28007]28084|E|miniapp-start|Task begin: PageCreateAsyncTask
19-09-17 20:37:09|1568723829234[28007]28007|E|miniapp-start|Task end: PageCreateAsyncTask succ=true
19-09-17 20:37:09|1568723829263[28007]28084|E|miniapp-start|Task begin: ServiceCreateAsyncTask
19-09-17 20:37:09|1568723829263[28007]28084|E|miniapp-start|initServiceWebViewEx
19-09-17 20:37:09|1568723829268[28007]28084|E|miniapp-start|create new ServiceWebview when initServiceWebViewEx, tbsVersion : 0, tmpDirTbsVersion: 0  isFallback:true
19-09-17 20:37:10|1568723829642[28007]28007|E|miniapp-start|Task end: ServiceCreateAsyncTask succ=true
19-09-17 20:37:10|1568723829642[28007]28084|E|miniapp-start|Task begin: ServiceInitAsyncTask
19-09-17 20:37:10|1568723829643[28007]28084|E|ServiceOriginalWebview|---begin initWAServiceJS---- waServiceJSLoaded=false
19-09-17 20:37:12|1568723832484[28007]28827|E|ServiceOriginalWebview|invokeHandler|service: initWeixinJSBridgeFinish |id:1
19-09-17 20:37:12|1568723832484[28007]28827|E|AppBrandRuntime|WeixinJSBridge finished.
19-09-17 20:37:12|1568723832533[28007]28827|E|ServiceOriginalWebview|invokeHandler|service: getSystemInfo |id:2
19-09-17 20:37:12|1568723832535[28007]28827|E|BaseJsPluginEngine|handleNativeRequest fail eventName=getSystemInfo,webview=null,callbackId=2,isDestory=false
19-09-17 20:37:13|1568723833719[28007]28007|E|miniapp-start|Task end: ServiceInitAsyncTask succ=true
19-09-17 20:37:13|1568723833720[28007]28007|E|ServiceOriginalWebview|---end initWAServiceJS----
19-09-17 20:37:13|1568723833720[28007]28084|E|miniapp-start|Task begin: PageInitAsyncTask
19-09-17 20:37:13|1568723833723[28007]28007|E|miniapp-start|---PageWebView start loadHtml---
19-09-17 20:37:13|1568723833771[28007]28007|E|miniapp-start|Task end: PageInitAsyncTask succ=true
19-09-17 20:37:16|1568723836834[28007]28827|E|PageWebview111|initWeixinJSBridgeFinish
19-09-17 20:37:21|1568723841198[28007]28007|E|miniapp-start|---PageWebView end load WAWebviewJs ---
19-09-17 20:50:37|1568724637921[28007]28007|E|miniapp-process_AppBrandProxy|onServiceDisconnected.
19-09-17 20:50:38|1568724638946[28007]28027|E|EIPCConst|connectProvider success
19-09-17 20:50:39|1568724639006[28007]28007|E|miniapp-process_AppBrandProxy|onServiceConnected:com.tencent.mobileqq.mini.launch.IAppBrandService$Stub$Proxy@a6e0249
19-09-17 21:00:01|com.tencent.mobileqq:mini|D||QQ_Version: V 8.1.3.4185
19-09-17 21:00:01|com.tencent.mobileqq:mini|D|MSF.D.QLog|Nexus 5X 8.1.0 create newLogFile com.tencent.mobileqq_mini.19.09.17.21.log true
